<?xml version="1.0" encoding="UTF-8"?><testsuite errors="1" failures="0" name="first_serenity.features.search.LoginCucumberPage" skipped="0" tests="2" time="17.76" timestamp="2020-05-30 03:07:54"><testcase classname="first_serenity.features.search.LoginCucumberPage" name="Login into cucumber page should show the project page"><error message="The actor Klaus does not have the ability to browse the web" type="net.serenitybdd.screenplay.exceptions.ActorCannotBrowseTheWebException">The actor Klaus does not have the ability to browse the web</error><system-err>The actor Klaus does not have the ability to browse the web&#13;
first_serenity.features.search.LoginCucumberPage.login_into_cucumber_page_should_show_the_project_page(SearchByKeywordStory.java:62)&#13;
</system-err></testcase><testcase classname="first_serenity.features.search.LoginCucumberPage" name="Search results should show the search term in the title"/></testsuite>